2024-02-15 15:45:10 - trading_bot - INFO - Logging initialized. Log file: logs/trading_bot_20240215_154510.log
2024-02-15 15:45:10 - trading_bot - INFO - Binance Testnet client initialized
2024-02-15 15:45:11 - trading_bot - INFO - Testing API connection...
2024-02-15 15:45:12 - trading_bot - INFO - API connection successful
2024-02-15 15:45:12 - trading_bot - INFO - OrderManager initialized
2024-02-15 15:45:12 - trading_bot - INFO - Validating order parameters...
2024-02-15 15:45:12 - trading_bot - DEBUG - Fetching symbol info for ETHUSDT
2024-02-15 15:45:12 - trading_bot - DEBUG - Symbol info retrieved: {'symbol': 'ETHUSDT', 'status': 'TRADING', 'baseAsset': 'ETH', 'quoteAsset': 'USDT'}
2024-02-15 15:45:12 - trading_bot - INFO - Order validated: LIMIT SELL 0.01 ETHUSDT
2024-02-15 15:45:12 - trading_bot - INFO - ============================================================
2024-02-15 15:45:12 - trading_bot - INFO - LIMIT ORDER REQUEST
2024-02-15 15:45:12 - trading_bot - INFO - ============================================================
2024-02-15 15:45:12 - trading_bot - INFO - Symbol:   ETHUSDT
2024-02-15 15:45:12 - trading_bot - INFO - Side:     SELL
2024-02-15 15:45:12 - trading_bot - INFO - Quantity: 0.01
2024-02-15 15:45:12 - trading_bot - INFO - Price:    3000.50
2024-02-15 15:45:12 - trading_bot - INFO - ============================================================
2024-02-15 15:45:12 - trading_bot - INFO - Placing LIMIT order: SELL 0.01 ETHUSDT @ 3000.50
2024-02-15 15:45:12 - trading_bot - DEBUG - Order parameters: {'symbol': 'ETHUSDT', 'side': 'SELL', 'type': 'LIMIT', 'quantity': 0.01, 'price': 3000.5, 'timeInForce': 'GTC', 'timestamp': 1708014312890}
2024-02-15 15:45:13 - trading_bot - INFO - Limit order placed successfully. Order ID: 987654321
2024-02-15 15:45:13 - trading_bot - DEBUG - Full order response: {'orderId': 987654321, 'symbol': 'ETHUSDT', 'status': 'NEW', 'clientOrderId': 'testLimitOrder456', 'price': '3000.50', 'avgPrice': '0.00', 'origQty': '0.01', 'executedQty': '0.00', 'cumQty': '0.00', 'cumQuote': '0.00', 'timeInForce': 'GTC', 'type': 'LIMIT', 'reduceOnly': False, 'closePosition': False, 'side': 'SELL', 'positionSide': 'BOTH', 'stopPrice': '0', 'workingType': 'CONTRACT_PRICE', 'priceProtect': False, 'origType': 'LIMIT', 'updateTime': 1708014313000}
2024-02-15 15:45:13 - trading_bot - INFO - ============================================================
2024-02-15 15:45:13 - trading_bot - INFO - ORDER RESPONSE
2024-02-15 15:45:13 - trading_bot - INFO - ============================================================
2024-02-15 15:45:13 - trading_bot - INFO - Order ID:       987654321
2024-02-15 15:45:13 - trading_bot - INFO - Client Order ID: testLimitOrder456
2024-02-15 15:45:13 - trading_bot - INFO - Symbol:         ETHUSDT
2024-02-15 15:45:13 - trading_bot - INFO - Status:         NEW
2024-02-15 15:45:13 - trading_bot - INFO - Type:           LIMIT
2024-02-15 15:45:13 - trading_bot - INFO - Side:           SELL
2024-02-15 15:45:13 - trading_bot - INFO - Price:          3000.50
2024-02-15 15:45:13 - trading_bot - INFO - Original Qty:   0.01
2024-02-15 15:45:13 - trading_bot - INFO - Executed Qty:   0.00
2024-02-15 15:45:13 - trading_bot - INFO - Time in Force:  GTC
2024-02-15 15:45:13 - trading_bot - INFO - Update Time:    1708014313000
2024-02-15 15:45:13 - trading_bot - INFO - ============================================================
